0 info it worked if it ends with ok
1 verbose cli [ '/usr/bin/nodejs', '/usr/bin/npm', 'run', 'build' ]
2 info using npm@1.4.21
3 info using node@v0.10.29
4 verbose run-script [ 'prebuild', 'build', 'postbuild' ]
5 info prebuild codrops-map@1.0.0
6 info build codrops-map@1.0.0
7 verbose unsafe-perm in lifecycle true
8 info codrops-map@1.0.0 Failed to exec build script
9 error codrops-map@1.0.0 build: `npm run build-js`
9 error Exit status 1
10 error Failed at the codrops-map@1.0.0 build script.
10 error This is most likely a problem with the codrops-map package,
10 error not with npm itself.
10 error Tell the author that this fails on your system:
10 error     npm run build-js
10 error You can get their info via:
10 error     npm owner ls codrops-map
10 error There is likely additional logging output above.
11 error System Linux 3.16.0-4-amd64
12 error command "/usr/bin/nodejs" "/usr/bin/npm" "run" "build"
13 error cwd /home/tnielsen/Downloads/StorytellingMap/StorytellingMap
14 error node -v v0.10.29
15 error npm -v 1.4.21
16 error code ELIFECYCLE
17 verbose exit [ 1, true ]
